<?xml version="1.0" encoding="UTF-8"?>
<!-- Generated by org.testng.reporters.JUnitReportReporter -->
<testsuite hostname="Ali-zagibi" failures="0" tests="3" name="myTest1.Test1" time="3.644" errors="0" timestamp="2025-04-20T00:05:46 EET" skipped="0">
  <testcase classname="myTest1.Test1" name="login" time="2.423"/>
  <testcase classname="myTest1.Test1" name="addOneRandomItem" time="1.146"/>
  <testcase classname="myTest1.Test1" name="removeOneRandomItem" time="0.075"/>
</testsuite> <!-- myTest1.Test1 -->
